2020-08-13 14:22:01 autoreload.run_with_reloader: Watching for file changes with StatReloader
2020-08-13 14:26:43 autoreload.trigger_reload: D:\PythonCode\python-learn\first_demo02\first_demo02\settings.py changed, reloading.
2020-08-13 14:26:43 autoreload.run_with_reloader: Watching for file changes with StatReloader
2020-08-13 14:26:51 autoreload.trigger_reload: D:\PythonCode\python-learn\first_demo02\first_demo02\settings.py changed, reloading.
2020-08-13 14:26:52 autoreload.run_with_reloader: Watching for file changes with StatReloader
2020-08-13 14:28:19 autoreload.trigger_reload: D:\PythonCode\python-learn\first_demo02\first_demo02\settings.py changed, reloading.
2020-08-13 14:28:19 autoreload.run_with_reloader: Watching for file changes with StatReloader
2020-08-13 14:30:51 autoreload.trigger_reload: D:\PythonCode\python-learn\first_demo02\first_demo02\urls.py changed, reloading.
2020-08-13 14:30:52 autoreload.run_with_reloader: Watching for file changes with StatReloader
2020-08-13 14:31:09 autoreload.run_with_reloader: Watching for file changes with StatReloader
2020-08-13 14:31:32 log.log_response: Not Found: /
2020-08-13 14:31:32 basehttp.log_message: "GET / HTTP/1.1" 404 11102
2020-08-13 14:31:32 basehttp.log_message: "GET /static/debug_toolbar/js/toolbar.js HTTP/1.1" 200 12791
2020-08-13 14:31:32 basehttp.log_message: "GET /static/debug_toolbar/css/toolbar.css HTTP/1.1" 200 14984
2020-08-13 14:31:32 basehttp.log_message: "GET /static/debug_toolbar/css/print.css HTTP/1.1" 200 41
2020-08-13 14:31:32 basehttp.log_message: "GET /static/debug_toolbar/img/ajax-loader.gif HTTP/1.1" 200 404
2020-08-13 14:31:32 basehttp.log_message: "GET /static/debug_toolbar/img/djdt_vertical.png HTTP/1.1" 200 882
2020-08-13 14:31:47 log.log_response: Not Found: /__debug__/
2020-08-13 14:31:47 basehttp.log_message: "GET /__debug__/ HTTP/1.1" 404 12003
2020-08-13 14:36:41 basehttp.log_message: "GET /static/debug_toolbar/img/indicator.png HTTP/1.1" 200 436
2020-08-13 14:36:41 basehttp.log_message: "GET /__debug__/render_panel/?store_id=7ade94eed40448f8923ff6bedf608b1d&panel_id=SQLPanel HTTP/1.1" 200 132
2020-08-13 14:36:41 basehttp.log_message: "GET /static/debug_toolbar/img/close.png HTTP/1.1" 200 498
2020-08-13 14:36:44 basehttp.log_message: "GET /__debug__/render_panel/?store_id=7ade94eed40448f8923ff6bedf608b1d&panel_id=VersionsPanel HTTP/1.1" 200 557
2020-08-13 14:36:48 basehttp.log_message: "GET /__debug__/render_panel/?store_id=7ade94eed40448f8923ff6bedf608b1d&panel_id=CachePanel HTTP/1.1" 200 812
2020-08-13 14:36:49 basehttp.log_message: "GET /__debug__/render_panel/?store_id=7ade94eed40448f8923ff6bedf608b1d&panel_id=TemplatesPanel HTTP/1.1" 200 27857
2020-08-13 14:36:50 basehttp.log_message: "GET /__debug__/render_panel/?store_id=7ade94eed40448f8923ff6bedf608b1d&panel_id=StaticFilesPanel HTTP/1.1" 200 28282
2020-08-13 14:36:53 basehttp.log_message: "GET /__debug__/render_panel/?store_id=7ade94eed40448f8923ff6bedf608b1d&panel_id=RequestPanel HTTP/1.1" 200 1820
2020-08-13 14:37:05 basehttp.log_message: "GET /book/teacher_data/ HTTP/1.1" 200 75
2020-08-13 14:37:26 basehttp.log_message: "GET /book/teachers/?sno=1 HTTP/1.1" 200 10830
2020-08-13 14:37:26 basehttp.log_message: "GET /static/debug_toolbar/css/toolbar.css HTTP/1.1" 304 0
2020-08-13 14:37:26 basehttp.log_message: "GET /static/images/1.jpg HTTP/1.1" 404 1660
2020-08-13 14:37:26 basehttp.log_message: "GET /static/debug_toolbar/js/toolbar.js HTTP/1.1" 304 0
2020-08-13 14:37:26 basehttp.log_message: "GET /static/debug_toolbar/css/print.css HTTP/1.1" 304 0
2020-08-13 14:37:26 basehttp.log_message: "GET /static/debug_toolbar/img/ajax-loader.gif HTTP/1.1" 304 0
2020-08-13 14:37:30 basehttp.log_message: "GET /__debug__/render_panel/?store_id=944edf5650d94c49b9dd6841c87ebb0c&panel_id=SQLPanel HTTP/1.1" 200 29448
2020-08-13 14:37:33 basehttp.log_message: "POST /__debug__/sql_select/ HTTP/1.1" 200 830
2020-08-13 14:37:33 basehttp.log_message: "GET /static/debug_toolbar/img/back.png HTTP/1.1" 200 574
2020-08-13 14:37:40 basehttp.log_message: "GET /__debug__/render_panel/?store_id=944edf5650d94c49b9dd6841c87ebb0c&panel_id=SettingsPanel HTTP/1.1" 200 25025
2020-08-13 14:37:45 basehttp.log_message: "GET /__debug__/render_panel/?store_id=944edf5650d94c49b9dd6841c87ebb0c&panel_id=HeadersPanel HTTP/1.1" 200 3448
2020-08-13 14:37:47 basehttp.log_message: "GET /__debug__/render_panel/?store_id=944edf5650d94c49b9dd6841c87ebb0c&panel_id=RequestPanel HTTP/1.1" 200 2115
2020-08-13 14:37:47 basehttp.log_message: "GET /__debug__/render_panel/?store_id=944edf5650d94c49b9dd6841c87ebb0c&panel_id=SQLPanel HTTP/1.1" 200 29448
2020-08-13 14:37:49 basehttp.log_message: "GET /__debug__/render_panel/?store_id=944edf5650d94c49b9dd6841c87ebb0c&panel_id=StaticFilesPanel HTTP/1.1" 200 28282
2020-08-13 14:37:52 basehttp.log_message: "GET /__debug__/render_panel/?store_id=944edf5650d94c49b9dd6841c87ebb0c&panel_id=CachePanel HTTP/1.1" 200 812
2020-08-13 14:37:52 basehttp.log_message: "GET /__debug__/render_panel/?store_id=944edf5650d94c49b9dd6841c87ebb0c&panel_id=TemplatesPanel HTTP/1.1" 200 3187
2020-08-13 14:38:03 basehttp.log_message: "GET /__debug__/render_panel/?store_id=944edf5650d94c49b9dd6841c87ebb0c&panel_id=SignalsPanel HTTP/1.1" 200 1646
2020-08-13 14:38:03 basehttp.log_message: "GET /__debug__/render_panel/?store_id=944edf5650d94c49b9dd6841c87ebb0c&panel_id=LoggingPanel HTTP/1.1" 200 32
2020-08-13 14:39:20 basehttp.log_message: "GET /static/debug_toolbar/img/djdt_vertical.png HTTP/1.1" 304 0
2020-08-13 14:39:24 basehttp.log_message: "GET /__debug__/render_panel/?store_id=944edf5650d94c49b9dd6841c87ebb0c&panel_id=VersionsPanel HTTP/1.1" 200 557
2020-08-13 14:39:54 log.log_response: Not Found: /
2020-08-13 14:39:54 basehttp.log_message: "GET / HTTP/1.1" 404 11102
2020-08-13 14:39:54 basehttp.log_message: "GET /static/debug_toolbar/js/toolbar.js HTTP/1.1" 304 0
2020-08-13 14:39:54 basehttp.log_message: "GET /static/debug_toolbar/css/toolbar.css HTTP/1.1" 304 0
2020-08-13 14:39:54 basehttp.log_message: "GET /static/debug_toolbar/css/print.css HTTP/1.1" 304 0
2020-08-13 14:39:54 basehttp.log_message: "GET /static/debug_toolbar/img/ajax-loader.gif HTTP/1.1" 304 0
2020-08-13 14:41:00 basehttp.log_message: "GET /book/teacher_data/ HTTP/1.1" 200 75
2020-08-13 14:42:37 autoreload.run_with_reloader: Watching for file changes with StatReloader
2020-08-13 14:42:51 basehttp.log_message: "GET /book/teacher_data/ HTTP/1.1" 200 75
2020-08-13 14:42:51 log.log_response: Not Found: /favicon.ico
2020-08-13 14:42:51 basehttp.log_message: "GET /favicon.ico HTTP/1.1" 404 11155
2020-08-13 14:43:44 basehttp.log_message: "GET /book/teacher_data/ HTTP/1.1" 200 75
2020-08-13 14:44:59 basehttp.log_message: "GET /book/excel/ HTTP/1.1" 200 5632
2020-08-13 15:01:27 autoreload.trigger_reload: D:\PythonCode\python-learn\first_demo02\book\views.py changed, reloading.
2020-08-13 15:01:28 autoreload.run_with_reloader: Watching for file changes with StatReloader
2020-08-13 15:06:38 autoreload.trigger_reload: D:\PythonCode\python-learn\first_demo02\book\views.py changed, reloading.
2020-08-13 15:06:39 autoreload.run_with_reloader: Watching for file changes with StatReloader
2020-08-13 15:10:37 autoreload.run_with_reloader: Watching for file changes with StatReloader
2020-08-13 15:10:57 basehttp.log_message: "GET /book/teacher_data/ HTTP/1.1" 200 75
2020-08-13 15:11:05 basehttp.log_message: "GET /book/teacher_data/ HTTP/1.1" 200 75
2020-08-13 15:11:14 basehttp.log_message: "GET /book/excel/ HTTP/1.1" 200 5632
2020-08-13 15:31:33 autoreload.trigger_reload: D:\PythonCode\python-learn\first_demo02\first_demo02\settings.py changed, reloading.
2020-08-13 15:31:34 autoreload.run_with_reloader: Watching for file changes with StatReloader
2020-08-13 15:31:48 autoreload.run_with_reloader: Watching for file changes with StatReloader
2020-08-13 15:31:58 basehttp.log_message: "GET /book/teacher_data/ HTTP/1.1" 200 75
2020-08-13 15:32:22 basehttp.log_message: "GET /book/ HTTP/1.1" 200 10281
2020-08-13 15:32:22 basehttp.log_message: "GET /static/debug_toolbar/css/toolbar.css HTTP/1.1" 200 14984
2020-08-13 15:32:22 basehttp.log_message: "GET /static/debug_toolbar/css/print.css HTTP/1.1" 200 41
2020-08-13 15:32:22 basehttp.log_message: "GET /static/debug_toolbar/js/toolbar.js HTTP/1.1" 200 12791
2020-08-13 15:32:22 basehttp.log_message: "GET /static/debug_toolbar/img/ajax-loader.gif HTTP/1.1" 200 404
2020-08-13 15:32:22 basehttp.log_message: "GET /static/debug_toolbar/img/djdt_vertical.png HTTP/1.1" 200 882
2020-08-13 15:32:30 basehttp.log_message: "GET /book/excel/ HTTP/1.1" 200 5632
2020-08-13 15:32:45 log.log_response: Not Found: /book/login.html
2020-08-13 15:32:45 basehttp.log_message: "GET /book/login.html HTTP/1.1" 404 11856
2020-08-13 15:32:50 basehttp.log_message: "GET /book/ HTTP/1.1" 200 10281
2020-08-13 15:32:52 log.log_response: Not Found: /book/register.html
2020-08-13 15:32:52 basehttp.log_message: "GET /book/register.html HTTP/1.1" 404 11865
2020-08-13 15:33:00 basehttp.log_message: "GET /static/debug_toolbar/img/indicator.png HTTP/1.1" 200 436
2020-08-13 15:33:00 basehttp.log_message: "GET /static/debug_toolbar/img/close.png HTTP/1.1" 200 498
2020-08-13 15:33:00 basehttp.log_message: "GET /__debug__/render_panel/?store_id=78fa8fe18a984ad6aaa2933b3dc837fc&panel_id=SQLPanel HTTP/1.1" 200 14464
2020-08-13 15:33:05 basehttp.log_message: "GET /static/debug_toolbar/img/close_hover.png HTTP/1.1" 200 706
2020-08-13 15:33:15 log.log_response: Not Found: /book/login.html
2020-08-13 15:33:15 basehttp.log_message: "GET /book/login.html HTTP/1.1" 404 11856
2020-08-13 15:33:31 basehttp.log_message: "GET /book/ HTTP/1.1" 200 10281
2020-08-13 15:53:53 autoreload.run_with_reloader: Watching for file changes with StatReloader
2020-08-13 15:54:10 basehttp.log_message: "GET /book/ HTTP/1.1" 200 158
2020-08-13 16:00:40 autoreload.trigger_reload: D:\PythonCode\python-learn\first_demo02\book\views.py changed, reloading.
2020-08-13 16:00:41 autoreload.run_with_reloader: Watching for file changes with StatReloader
2020-08-13 16:00:56 autoreload.trigger_reload: D:\PythonCode\python-learn\first_demo02\book\views.py changed, reloading.
2020-08-13 16:00:57 autoreload.run_with_reloader: Watching for file changes with StatReloader
2020-08-13 16:01:34 autoreload.trigger_reload: D:\PythonCode\python-learn\first_demo02\book\urls.py changed, reloading.
2020-08-13 16:01:35 autoreload.run_with_reloader: Watching for file changes with StatReloader
2020-08-13 16:01:49 autoreload.run_with_reloader: Watching for file changes with StatReloader
2020-08-13 16:02:03 basehttp.log_message: "GET /book/api/subjects/ HTTP/1.1" 200 160
2020-08-13 16:02:19 basehttp.log_message: "GET /book/api/subjects/ HTTP/1.1" 200 160
2020-08-13 16:09:42 log.log_response: Forbidden (CSRF cookie not set.): /book/api/subjects/
2020-08-13 16:09:42 basehttp.log_message: "POST /book/api/subjects/ HTTP/1.1" 403 11823
2020-08-13 16:11:41 basehttp.log_message: "GET /book/api/subjects/ HTTP/1.1" 200 160
2020-08-13 16:13:05 basehttp.log_message: "GET /book/api/subjects/ HTTP/1.1" 200 160
2020-08-13 16:16:31 autoreload.run_with_reloader: Watching for file changes with StatReloader
2020-08-13 16:16:41 basehttp.log_message: "GET /book/api/subjects/ HTTP/1.1" 200 158
2020-08-13 16:28:05 autoreload.trigger_reload: D:\PythonCode\python-learn\first_demo02\first_demo02\settings.py changed, reloading.
2020-08-13 16:28:06 autoreload.run_with_reloader: Watching for file changes with StatReloader
2020-08-13 16:28:13 autoreload.trigger_reload: D:\PythonCode\python-learn\first_demo02\first_demo02\settings.py changed, reloading.
2020-08-13 16:28:13 autoreload.run_with_reloader: Watching for file changes with StatReloader
2020-08-13 16:35:40 autoreload.trigger_reload: D:\PythonCode\python-learn\first_demo02\first_demo02\settings.py changed, reloading.
2020-08-13 16:35:40 autoreload.run_with_reloader: Watching for file changes with StatReloader
