[2020-07-29 11:34:51,031] [base.py:93] [base:get_response] [WARNING]- Not Found: /oprea/simation/
[2020-07-29 11:34:51,032] [basehttp.py:124] [basehttp:log_message] [WARNING]- "POST /oprea/simation/ HTTP/1.1" 404 2434
[2020-07-29 11:35:35,822] [base.py:93] [base:get_response] [WARNING]- Not Found: /oprea/simation/
[2020-07-29 11:35:35,824] [basehttp.py:124] [basehttp:log_message] [WARNING]- "POST /oprea/simation/ HTTP/1.1" 404 2434
[2020-07-29 11:37:13,328] [base.py:93] [base:get_response] [WARNING]- Not Found: /oprea/simation/
[2020-07-29 11:37:13,331] [basehttp.py:124] [basehttp:log_message] [WARNING]- "POST /oprea/simation/ HTTP/1.1" 404 2434
[2020-07-29 11:37:45,146] [basehttp.py:124] [basehttp:log_message] [INFO]- "POST /opera/simation/ HTTP/1.1" 200 38990
[2020-07-29 11:39:02,534] [basehttp.py:124] [basehttp:log_message] [WARNING]- "POST /opera/emupsequ/ HTTP/1.1" 405 46
[2020-07-29 11:39:06,433] [basehttp.py:124] [basehttp:log_message] [INFO]- "GET /opera/emupsequ/ HTTP/1.1" 200 54
[2020-07-29 11:39:24,894] [basehttp.py:124] [basehttp:log_message] [INFO]- "GET /opera/emupsequ/?scheme_id=%E6%96%B9%E6%A1%881 HTTP/1.1" 200 54
[2020-07-29 11:40:12,575] [basehttp.py:124] [basehttp:log_message] [INFO]- "GET /opera/emupsequ/?scheme_id=%E6%96%B9%E6%A1%881&ps_pare_type=%E5%B7%A5%E4%BD%9C%E6%97%A5%E5%B9%B3%E5%B3%B0 HTTP/1.1" 200 54
[2020-07-29 11:40:40,003] [basehttp.py:124] [basehttp:log_message] [INFO]- "GET /opera/emupsequ/?scheme_id=%E6%96%B9%E6%A1%881&ps_pare_type=%E5%B7%A5%E4%BD%9C%E6%97%A5%E5%B9%B3%E5%B3%B0&station_id=0118 HTTP/1.1" 200 481
[2020-07-29 16:03:37,434] [base.py:93] [base:get_response] [WARNING]- Not Found: /station/0129/
[2020-07-29 16:03:37,435] [basehttp.py:124] [basehttp:log_message] [WARNING]- "GET /station/0129/ HTTP/1.1" 404 25
[2020-07-29 16:03:41,634] [base.py:93] [base:get_response] [WARNING]- Not Found: /station/0129/
[2020-07-29 16:03:41,635] [basehttp.py:124] [basehttp:log_message] [WARNING]- "GET /station/0129/ HTTP/1.1" 404 25
[2020-07-29 16:04:19,431] [base.py:93] [base:get_response] [WARNING]- Not Found: /station/0129/
[2020-07-29 16:04:19,432] [basehttp.py:124] [basehttp:log_message] [WARNING]- "GET /station/0129/ HTTP/1.1" 404 25
[2020-07-29 16:05:12,750] [basehttp.py:124] [basehttp:log_message] [INFO]- "GET /station/0120/ HTTP/1.1" 200 1525
[2020-07-29 16:08:20,750] [base.py:93] [base:get_response] [WARNING]- Not Found: /station/0126/
[2020-07-29 16:08:20,751] [basehttp.py:124] [basehttp:log_message] [WARNING]- "GET /station/0126/ HTTP/1.1" 404 25
[2020-07-29 16:11:23,102] [base.py:93] [base:get_response] [WARNING]- Not Found: /station/0129/
[2020-07-29 16:11:23,103] [basehttp.py:124] [basehttp:log_message] [WARNING]- "GET /station/0129/ HTTP/1.1" 404 25
[2020-07-29 16:17:17,931] [base.py:93] [base:get_response] [WARNING]- Not Found: /station/0129/
[2020-07-29 16:17:17,933] [basehttp.py:124] [basehttp:log_message] [WARNING]- "GET /station/0129/ HTTP/1.1" 404 25
[2020-07-29 16:26:18,645] [base.py:93] [base:get_response] [WARNING]- Not Found: /station/0129/
[2020-07-29 16:26:18,653] [basehttp.py:124] [basehttp:log_message] [WARNING]- "GET /station/0129/ HTTP/1.1" 404 25
[2020-07-29 16:27:11,517] [base.py:93] [base:get_response] [WARNING]- Not Found: /station/0129/
[2020-07-29 16:27:11,518] [basehttp.py:124] [basehttp:log_message] [WARNING]- "GET /station/0129/ HTTP/1.1" 404 25
[2020-07-29 16:35:15,031] [basehttp.py:124] [basehttp:log_message] [INFO]- "GET /station/0/ HTTP/1.1" 200 54
[2020-07-29 16:35:19,638] [basehttp.py:124] [basehttp:log_message] [INFO]- "GET /station/9/ HTTP/1.1" 200 54
[2020-07-29 16:35:24,642] [basehttp.py:124] [basehttp:log_message] [INFO]- "GET /station/0129/ HTTP/1.1" 200 54
[2020-07-29 16:35:26,972] [basehttp.py:124] [basehttp:log_message] [INFO]- "GET /station/0129/ HTTP/1.1" 200 54
